Gene_set	Z_score(n-LEGO)	P_value(n-LEGO)	Z_score(e-LEGO)	P_value(e-LEGO)	gsSize	gsSize_net	intSize	intSize_net	overlapSize
1	-0.244230	0.596479	-1.237303	0.894704	16	14	170	151	0
2	-0.151792	0.560326	0.221144	0.412490	33	25	170	151	2
3	-0.320439	0.625694	-1.031612	0.849963	24	22	170	151	0
4	-0.154888	0.561547	2.977472	0.001453	11	9	170	151	1
5	-0.325369	0.627561	-0.078637	0.531340	20	15	170	151	0
6	-0.185683	0.573656	-1.230706	0.893403	14	10	170	151	0
7	-0.196759	0.577995	-1.663240	0.964981	11	6	170	151	0
8	-0.236335	0.593419	-1.583156	0.953280	18	13	170	151	0
9	0.820432	0.205985	0.272509	0.392615	36	33	170	151	4
10	-0.027296	0.510888	-0.782528	0.783354	12	8	170	151	1
11	-0.151502	0.560212	-1.192115	0.885619	22	18	170	151	1
12	-0.248747	0.598227	1.725561	0.042213	37	31	170	151	0
13	-0.318973	0.625138	0.090035	0.464130	36	28	170	151	1
14	-0.230269	0.591063	1.973384	0.024226	13	12	170	151	0
15	-0.238078	0.594095	-0.880390	0.811194	12	10	170	151	0
16	1.818711	0.034478	0.471420	0.318670	10	8	170	151	1
17	-0.251303	0.599216	-1.720779	0.973227	22	19	170	151	0
18	-0.252391	0.599636	0.356081	0.360890	22	18	170	151	0
19	0.005970	0.497618	2.954921	0.001564	20	18	170	151	1
20	-0.220804	0.587382	0.345274	0.364944	13	12	170	151	0
21	-0.216593	0.585741	-0.730610	0.767719	16	13	170	151	0
22	-0.253535	0.600079	-1.302813	0.907193	11	11	170	151	0
23	-0.280654	0.610520	-0.934075	0.825548	37	28	170	151	1
24	-0.400821	0.655747	-0.030247	0.512065	45	34	170	151	0
25	-0.213719	0.584621	0.216857	0.414160	6	6	170	151	0
26	-0.204672	0.581089	-1.021732	0.847586	14	13	170	151	0
27	-0.276625	0.608973	-0.069373	0.527654	16	12	170	151	0
28	1.046384	0.147692	-0.530801	0.702285	16	13	170	151	1
29	-0.315902	0.623972	-1.717341	0.972736	35	31	170	151	0
30	-0.283044	0.611436	-0.081891	0.532634	23	19	170	151	0
31	-0.197565	0.578310	0.492508	0.311180	13	12	170	151	0
32	-0.221000	0.587458	0.024086	0.490392	23	20	170	151	0
33	-0.195781	0.577612	-1.447441	0.932240	15	13	170	151	0
34	-0.252500	0.599678	6.816035	0.000000	18	9	170	151	0
35	-0.203810	0.580752	2.992622	0.001383	28	24	170	151	1
36	-0.230171	0.591025	6.965259	0.000000	24	21	170	151	1
37	-0.261404	0.603116	1.855646	0.031752	14	13	170	151	0
38	-0.271712	0.607085	-1.370087	0.919243	17	14	170	151	0
39	-0.282508	0.611231	-1.410178	0.926085	22	21	170	151	0
40	-0.251628	0.599341	-1.050050	0.854340	19	17	170	151	0
41	-0.292416	0.615025	-0.015190	0.506060	14	14	170	151	0
42	-0.261170	0.603025	-0.026191	0.510448	19	16	170	151	1
43	-0.206858	0.581943	-1.459648	0.934216	12	10	170	151	0
44	-0.310152	0.621788	0.208940	0.417248	32	25	170	151	0
45	3.468104	0.000262	-0.688715	0.754676	22	17	170	151	1
46	-0.289538	0.613923	-0.399735	0.655347	23	18	170	151	0
47	-0.234656	0.592767	-1.063693	0.857530	15	12	170	151	0
48	-0.305198	0.619902	0.629641	0.264465	24	22	170	151	0
49	-0.197769	0.578390	3.995608	0.000032	23	21	170	151	1
50	-0.231457	0.591525	-0.219629	0.586924	12	11	170	151	0
51	-0.234367	0.592655	-0.339084	0.632741	22	16	170	151	0
52	1.675191	0.046948	1.548918	0.060701	29	24	170	151	1
53	0.105455	0.458007	-1.747839	0.977091	13	11	170	151	1
54	-0.248681	0.598202	-1.124210	0.871198	22	17	170	151	0
55	-0.230691	0.591227	-1.294321	0.905618	11	10	170	151	0
56	-0.246004	0.597166	-1.554784	0.949031	10	8	170	151	0
57	-0.289055	0.613739	-0.595517	0.724349	19	15	170	151	0
58	-0.190870	0.575689	1.321175	0.093222	10	8	170	151	0
59	-0.274408	0.608122	0.103984	0.458591	21	15	170	151	0
60	-0.199463	0.579053	-0.973247	0.835610	31	27	170	151	1
61	-0.307742	0.620871	-2.280293	1.000000	12	11	170	151	0
62	-0.306923	0.620559	0.340025	0.366919	21	17	170	151	0
63	-0.223402	0.588393	0.018422	0.492651	10	9	170	151	0
64	0.033038	0.486822	-1.358373	0.917198	19	18	170	151	1
65	-0.318700	0.625034	-0.348036	0.636108	24	20	170	151	0
66	-0.314902	0.623593	-0.622313	0.733249	28	23	170	151	0
67	-0.216003	0.585511	3.865896	0.000055	15	10	170	151	0
68	-0.260364	0.602715	-0.954024	0.830715	11	9	170	151	0
69	-0.329404	0.629087	-2.650934	1.000000	16	14	170	151	0
70	-0.246289	0.597276	-0.355145	0.638775	13	10	170	151	0
71	-0.062528	0.524929	-1.380478	0.921040	30	24	170	151	1
72	-0.318163	0.624831	-1.008036	0.844257	41	34	170	151	1
73	-0.204933	0.581191	-1.453321	0.933194	9	8	170	151	0
74	-0.221556	0.587674	-0.246007	0.597167	12	8	170	151	0
75	-0.326547	0.628007	-0.707349	0.760524	39	31	170	151	0
76	-0.200666	0.579523	-1.633976	0.960746	10	8	170	151	0
77	-0.232593	0.591966	-0.201526	0.579860	10	9	170	151	0
78	-0.251812	0.599412	0.285310	0.387703	16	16	170	151	0
79	-0.260361	0.602714	-1.840818	0.990487	10	8	170	151	0
80	-0.252870	0.599822	-0.047445	0.518921	11	11	170	151	0
81	-0.319228	0.625235	-1.060757	0.856847	28	24	170	151	0
82	-0.230145	0.591015	-0.948596	0.829318	13	9	170	151	0
83	-0.236624	0.593531	-0.745431	0.772242	11	8	170	151	0
84	-0.325304	0.627536	-1.431771	0.929675	58	45	170	151	0
85	-0.283850	0.611745	-1.542008	0.947096	13	12	170	151	0
86	-0.355138	0.638773	-0.322522	0.626483	34	31	170	151	1
87	-0.264866	0.604450	-1.027714	0.849028	17	15	170	151	0
88	-0.075764	0.530197	-1.941807	1.000000	23	21	170	151	1
89	0.958049	0.169019	-1.228282	0.892922	15	14	170	151	1
90	0.156957	0.437640	-1.110642	0.868202	21	19	170	151	1
91	-0.250765	0.599008	-0.829925	0.797106	17	12	170	151	0
92	-0.049081	0.519573	-1.619862	0.958689	22	21	170	151	1
93	-0.218599	0.586523	-1.646252	0.962528	15	14	170	151	0
94	-0.230148	0.591016	-2.171532	1.000000	11	10	170	151	0
95	-0.148563	0.559052	-0.583433	0.720290	10	9	170	151	0
96	-0.017971	0.507169	-1.605403	0.956569	22	20	170	151	1
97	-0.232261	0.591837	-1.328512	0.911885	17	14	170	151	0
98	0.246809	0.402528	-0.867360	0.807611	23	20	170	151	2
99	-0.337984	0.632326	-1.601708	0.956025	38	35	170	151	0
100	-0.258952	0.602170	-1.266711	0.900407	16	14	170	151	0
101	-0.264003	0.604118	-1.071890	0.859428	17	17	170	151	0
102	-0.323973	0.627033	-0.345437	0.635131	27	26	170	151	0
103	-0.234438	0.592682	-0.771802	0.780172	33	25	170	151	0
104	-0.286580	0.612791	-1.676765	0.966927	26	22	170	151	0
105	-0.089539	0.535674	-1.264710	0.900024	23	22	170	151	1
106	0.168688	0.433021	-1.291006	0.904999	22	20	170	151	1
107	0.535936	0.296001	-0.469881	0.680820	38	33	170	151	3
108	-0.330388	0.629459	-0.544148	0.706900	23	19	170	151	0
109	0.047277	0.481146	-0.520575	0.698727	46	39	170	151	2
110	-0.276074	0.608762	-0.981590	0.837708	13	11	170	151	0
111	-0.252243	0.599579	-0.535402	0.703879	12	10	170	151	0
112	-0.335380	0.631344	-0.175258	0.569564	31	24	170	151	1
113	0.295559	0.383784	0.903038	0.183253	11	10	170	151	1
114	-0.334939	0.631177	-1.134895	0.873530	87	74	170	151	1
115	-0.341289	0.633571	0.588385	0.278137	25	21	170	151	0
116	0.075008	0.470104	0.017887	0.492864	58	50	170	151	3
117	2.967159	0.001503	-0.837137	0.799155	18	16	170	151	1
118	-0.172045	0.568301	-1.370534	0.919321	11	8	170	151	0
119	-0.305203	0.619904	-2.099144	1.000000	23	18	170	151	0
120	-0.326574	0.628017	-0.409849	0.659067	23	22	170	151	0
121	-0.290157	0.614161	-1.390844	0.922816	15	14	170	151	0
122	0.078948	0.468537	-0.896540	0.815580	18	17	170	151	1
123	-0.236439	0.593459	0.289610	0.386057	29	23	170	151	0
124	-0.356440	0.639260	-0.067655	0.526970	56	51	170	151	0
125	0.851683	0.197195	-1.400841	0.924513	24	17	170	151	1
126	-0.255435	0.600812	-1.145474	0.875816	23	18	170	151	0
127	-0.297211	0.616856	1.079419	0.140201	24	17	170	151	0
128	-0.245914	0.597131	-0.877104	0.810294	17	17	170	151	0
129	-0.257095	0.601453	-1.676953	0.966954	15	15	170	151	0
130	1.609332	0.053772	-0.479137	0.684123	15	12	170	151	1
131	4.707798	0.000001	-0.633905	0.737055	13	11	170	151	1
132	-0.359745	0.640497	-1.161828	0.879304	40	33	170	151	0
133	-0.247096	0.597588	0.858151	0.195404	16	15	170	151	0
134	-0.192114	0.576176	-1.115025	0.869174	32	28	170	151	2
135	1.073595	0.141502	0.352416	0.362263	20	13	170	151	1
136	-0.292446	0.615036	-0.013649	0.505445	23	21	170	151	0
137	-0.227564	0.590012	0.012121	0.495164	12	11	170	151	0
138	-0.225495	0.589207	0.769151	0.220902	27	23	170	151	1
139	-0.201305	0.579773	-1.153845	0.877608	11	9	170	151	0
140	-0.324055	0.627064	2.365761	0.008997	31	25	170	151	0
141	-0.290215	0.614183	2.274991	0.011453	14	13	170	151	0
142	-0.247912	0.597904	-0.753022	0.774540	14	12	170	151	0
143	-0.464501	0.678894	-2.512872	1.000000	28	25	170	151	0
144	-0.119793	0.547677	-0.310676	0.621987	15	12	170	151	1
145	-0.271252	0.606908	-0.894886	0.815134	18	16	170	151	0
146	-0.245348	0.596912	-2.339376	1.000000	12	11	170	151	0
147	-0.245627	0.597020	-0.978947	0.837045	23	22	170	151	0
148	-0.242562	0.595833	-1.361216	0.917696	23	20	170	151	0
149	-0.304345	0.619577	-1.363893	0.918164	20	17	170	151	0
150	-0.175448	0.569639	5.041266	0.000000	13	11	170	151	1
151	-0.409914	0.659091	-1.550887	0.948442	42	39	170	151	0
152	0.016143	0.493560	-0.156904	0.562342	26	25	170	151	1
153	-0.276230	0.608822	0.084588	0.466294	17	17	170	151	0
154	-0.220503	0.587264	-2.549477	1.000000	11	9	170	151	0
155	-0.324460	0.627217	-1.436423	0.930439	24	19	170	151	0
156	-0.281169	0.610718	-0.683529	0.753036	15	11	170	151	0
157	-0.230381	0.591107	1.007480	0.156852	13	11	170	151	0
158	-0.310426	0.621892	0.639749	0.261168	26	19	170	151	0
159	-0.198317	0.578605	-0.634915	0.737385	17	13	170	151	0
160	0.285049	0.387803	-0.033920	0.513530	14	14	170	151	1
161	-0.228043	0.590198	-1.068271	0.858592	11	10	170	151	0
162	-0.314001	0.623251	-0.995589	0.841194	32	25	170	151	0
163	-0.210241	0.583264	-0.581404	0.719605	12	10	170	151	0
164	-0.316535	0.624213	2.895831	0.001891	21	19	170	151	0
165	5.136232	0.000000	1.921069	0.027361	18	15	170	151	2
166	-0.246237	0.597256	-0.588255	0.721913	22	21	170	151	0
167	-0.255797	0.600952	-0.867563	0.807667	18	16	170	151	0
168	-0.244245	0.596485	-1.642575	0.961995	19	15	170	151	0
169	-0.255099	0.600683	-0.524566	0.700118	23	14	170	151	0
170	-0.261869	0.603295	-1.289736	0.904762	21	16	170	151	0
171	-0.252471	0.599667	0.152605	0.439355	16	15	170	151	0
172	-0.257124	0.601465	-1.917292	1.000000	13	12	170	151	0
173	-0.290373	0.614243	-1.179863	0.883087	16	14	170	151	0
174	-0.129030	0.551334	4.704112	0.000001	10	7	170	151	1
175	-0.231359	0.591487	0.026884	0.489276	12	11	170	151	0
176	-0.269789	0.606346	-0.764366	0.777951	21	17	170	151	0
177	-0.241689	0.595494	0.174007	0.430930	15	13	170	151	0
178	-0.259658	0.602442	-0.895006	0.815166	29	27	170	151	0
179	-0.154807	0.561515	-1.392270	0.923059	33	26	170	151	1
180	-0.243846	0.596330	-0.885809	0.812672	37	33	170	151	1
181	-0.285389	0.612335	0.519730	0.301626	37	31	170	151	1
182	-0.270124	0.606475	-1.989213	1.000000	20	18	170	151	0
183	-0.241099	0.595266	-0.696569	0.757150	10	9	170	151	0
184	-0.278854	0.609829	0.255020	0.399354	16	15	170	151	0
185	-0.132608	0.552750	4.273479	0.000010	11	10	170	151	1
186	-0.033265	0.513269	-0.228727	0.590464	18	17	170	151	1
187	-0.217289	0.586012	0.968729	0.166340	10	10	170	151	0
188	-0.256720	0.601308	0.386558	0.349542	19	18	170	151	1
189	-0.237444	0.593849	0.726374	0.233805	15	12	170	151	0
190	-0.351569	0.637435	-0.837635	0.799295	49	40	170	151	1
191	-0.286637	0.612813	-0.998203	0.841840	14	12	170	151	0
192	-0.284179	0.611871	-0.995542	0.841182	14	12	170	151	0
193	-0.246014	0.597170	-0.775130	0.781162	15	13	170	151	0
194	-0.289619	0.613955	-0.833552	0.798138	18	17	170	151	0
195	-0.287554	0.613164	1.710292	0.043606	19	15	170	151	0
196	-0.245431	0.596944	-0.901106	0.816810	19	18	170	151	0
197	1.170597	0.120880	-1.515370	0.943010	17	16	170	151	1
198	-0.253209	0.599952	-1.770696	0.980359	8	7	170	151	0
199	-0.283623	0.611658	-0.907918	0.818636	21	17	170	151	0
200	-0.233611	0.592361	-0.912582	0.819879	15	11	170	151	0
201	-0.206192	0.581683	-0.574146	0.717151	10	9	170	151	0
202	-0.382612	0.649016	2.552915	0.005341	37	28	170	151	0
203	-0.194701	0.577190	-1.340465	0.914029	25	23	170	151	1
204	-0.132535	0.552721	-1.156997	0.878279	29	24	170	151	1
205	-0.242583	0.595841	-1.265003	0.900081	18	15	170	151	0
206	-0.121827	0.548483	-1.343329	0.914539	37	33	170	151	1
207	-0.266851	0.605215	-1.021533	0.847539	24	22	170	151	1
208	-0.366122	0.642880	0.082524	0.467115	27	24	170	151	0
209	-0.252981	0.599864	-0.101368	0.540372	13	13	170	151	0
210	-0.293966	0.615617	-1.017538	0.846571	21	17	170	151	0
211	-0.235873	0.593239	-0.668472	0.748240	12	10	170	151	0
212	-0.303828	0.619380	-1.348286	0.915419	17	16	170	151	0
213	-0.232958	0.592108	-0.036078	0.514390	18	13	170	151	0
214	-0.314289	0.623360	-2.405263	1.000000	29	22	170	151	0
215	-0.229839	0.590896	1.914207	0.027797	11	11	170	151	0
216	-0.276274	0.608838	-1.686371	0.968305	26	21	170	151	0
217	-0.291715	0.614756	-1.610555	0.957326	20	17	170	151	0
218	-0.465064	0.679096	-1.136982	0.873983	62	52	170	151	0
219	-0.446904	0.672562	-2.211900	1.000000	32	26	170	151	0
220	-0.292694	0.615131	-1.605421	0.956572	27	20	170	151	0
221	-0.278690	0.609766	-0.990617	0.839961	28	24	170	151	0
222	-0.272422	0.607359	-1.502281	0.940975	34	27	170	151	0
223	-0.256596	0.601261	-1.396505	0.923779	26	23	170	151	0
224	-0.285525	0.612387	-1.009848	0.844699	25	23	170	151	0
225	-0.357144	0.639524	-1.156357	0.878143	42	36	170	151	0
226	-0.266927	0.605244	-0.583928	0.720457	17	14	170	151	0
227	-0.237544	0.593888	-0.772606	0.780412	16	16	170	151	0
228	-0.347898	0.636056	-0.781453	0.783036	55	51	170	151	0
229	-0.847010	0.801940	-1.781058	0.981844	135	112	170	151	0
230	-0.545523	0.707373	-1.346000	0.915014	159	136	170	151	3
231	-0.522871	0.699528	-0.800706	0.788687	98	83	170	151	1
232	-0.317376	0.624532	-1.038027	0.851494	32	27	170	151	0
233	-0.211877	0.583902	-0.918114	0.821348	31	25	170	151	0
234	-0.229893	0.590917	-1.755186	0.978140	34	28	170	151	1
235	-0.415586	0.661170	-1.135637	0.873691	44	34	170	151	0
236	-0.216122	0.585558	-1.963779	1.000000	11	7	170	151	0
237	-0.231633	0.591593	-1.593477	0.954810	44	39	170	151	1
238	-0.331278	0.629795	-0.850376	0.802884	54	43	170	151	0
239	-0.298435	0.617324	-0.906264	0.818193	29	26	170	151	0
240	-0.387993	0.651011	-2.077313	1.000000	42	32	170	151	0
241	-0.263674	0.603991	-1.843177	0.990832	18	13	170	151	0
242	-0.315793	0.623931	-1.159805	0.878875	40	37	170	151	0
243	-0.270600	0.606658	-1.190700	0.885328	22	20	170	151	0
244	3.032740	0.001212	0.136050	0.445891	10	7	170	151	1
245	-0.276548	0.608944	-2.167835	1.000000	26	23	170	151	0
246	1.291995	0.098180	-0.319806	0.625454	50	40	170	151	2
247	-0.365562	0.642671	-0.864301	0.806765	52	40	170	151	0
248	-0.383549	0.649364	-1.493640	0.939622	46	40	170	151	0
249	-0.235504	0.593096	-1.336109	0.913250	16	12	170	151	0
250	-0.273832	0.607900	-0.456979	0.676194	30	23	170	151	0
251	-0.332326	0.630191	-1.485190	0.938291	44	36	170	151	0
252	-0.283472	0.611601	-0.848738	0.802425	21	18	170	151	0
253	-0.217591	0.586130	-0.754946	0.775121	22	19	170	151	0
254	2.668019	0.003815	0.000832	0.499668	15	14	170	151	1
255	-0.295255	0.616110	-0.751755	0.774158	26	23	170	151	0
256	-0.125548	0.549956	-0.698873	0.757873	49	40	170	151	2
257	-0.313148	0.622927	-0.626144	0.734510	54	46	170	151	0
258	-0.259337	0.602318	-0.665105	0.747162	25	22	170	151	0
259	-0.221460	0.587637	-0.633976	0.737078	77	71	170	151	1
260	0.081953	0.467342	0.399156	0.344889	33	30	170	151	1
261	-0.317189	0.624461	-0.791700	0.786054	58	48	170	151	0
262	-0.285327	0.612311	-0.818429	0.793816	29	25	170	151	0
263	-0.290801	0.614407	-0.793892	0.786696	19	17	170	151	0
264	-0.242902	0.595965	-1.302763	0.907184	40	35	170	151	1
265	-0.168507	0.566910	-0.370732	0.644600	26	22	170	151	1
266	-0.226560	0.589621	-1.424164	0.928418	14	13	170	151	0
267	-0.290382	0.614247	0.545678	0.292644	15	15	170	151	0
268	-0.380596	0.648268	-1.308077	0.908164	40	40	170	151	0
269	0.030334	0.487900	-2.245406	1.000000	16	14	170	151	1
270	-0.325946	0.627780	-1.331287	0.912385	33	28	170	151	0
271	-0.336407	0.631731	-1.194876	0.886186	34	29	170	151	0
272	2.454195	0.007060	-0.565949	0.714367	17	13	170	151	1
273	-0.275090	0.608384	-2.167632	1.000000	16	13	170	151	0
274	-0.443676	0.671395	-0.961090	0.832524	24	18	170	151	0
275	-0.331047	0.629708	-1.449512	0.932576	16	12	170	151	0
276	-0.195056	0.577328	-0.617419	0.731634	11	10	170	151	0
277	-0.423440	0.664041	-0.807175	0.790567	64	53	170	151	0
278	-0.280955	0.610635	-0.907907	0.818633	41	36	170	151	0
279	-0.256352	0.601166	-1.206941	0.888644	15	15	170	151	0
280	-0.240224	0.594927	-1.170192	0.881066	10	9	170	151	0
281	-0.346091	0.635378	-0.612971	0.730163	23	21	170	151	0
282	-0.258299	0.601918	-0.521817	0.699161	13	11	170	151	0
283	-0.392519	0.652685	-2.067957	1.000000	41	31	170	151	0
284	-0.367980	0.643574	-0.789291	0.785347	70	59	170	151	1
285	-0.425377	0.664748	-0.774463	0.780964	72	59	170	151	1
286	-0.355106	0.638761	-0.899262	0.816314	51	43	170	151	0
287	-0.268032	0.605669	-1.423100	0.928241	22	21	170	151	0
288	6.715953	0.000000	4.075187	0.000023	44	30	170	151	4
289	-0.837226	0.799180	-1.860928	0.993441	88	81	170	151	0
290	-0.470074	0.680889	-1.849380	0.991741	59	51	170	151	0
291	-0.437180	0.669041	-1.843198	0.990835	29	26	170	151	0
292	-0.395365	0.653735	-1.436770	0.930496	36	34	170	151	0
293	-0.464672	0.678956	4.865680	0.000001	36	32	170	151	0
294	-0.831593	0.797581	-1.695976	0.969681	128	95	170	151	0
295	-0.552759	0.709860	-2.479994	1.000000	48	41	170	151	0
296	-0.361103	0.641006	-2.533982	1.000000	24	21	170	151	0
297	-0.304723	0.619721	-0.825941	0.795969	69	63	170	151	1
298	-0.287118	0.612997	3.809561	0.000070	35	28	170	151	0
299	-0.410494	0.659304	-0.157631	0.562628	44	41	170	151	0
300	-0.344850	0.634911	2.101728	0.017789	23	21	170	151	0
301	-0.314576	0.623469	4.781439	0.000001	28	23	170	151	0
302	-0.230617	0.591198	1.504725	0.066197	14	11	170	151	0
303	-0.460268	0.677376	-0.461739	0.677904	267	227	170	151	3
304	-0.367013	0.643213	-0.692555	0.755887	87	81	170	151	2
305	-0.349405	0.636622	0.248402	0.401912	178	150	170	151	3
306	1.300811	0.096662	-0.352647	0.637839	267	214	170	151	9
307	-0.538701	0.705020	-1.153426	0.877519	190	163	170	151	4
308	-0.402030	0.656193	-0.039533	0.515767	76	66	170	151	0
309	-0.555939	0.710949	-0.876494	0.810127	272	220	170	151	5
310	1.126005	0.130082	5.616641	0.000000	128	103	170	151	3
311	0.575918	0.282335	0.991665	0.160680	114	94	170	151	2
312	1.051339	0.146552	2.767000	0.002829	69	49	170	151	3
313	-0.413462	0.660392	-1.861051	0.993459	138	118	170	151	2
314	-0.316971	0.624378	-1.138071	0.874219	38	32	170	151	0
315	-0.405106	0.657324	-1.378805	0.920752	35	29	170	151	0
316	-0.614695	0.730734	-0.985483	0.838682	121	99	170	151	0
317	-0.555502	0.710800	-1.298562	0.906406	183	151	170	151	1
318	-0.481792	0.685067	-0.619660	0.732375	78	66	170	151	0
319	-0.338753	0.632616	-1.016415	0.846299	52	47	170	151	1
320	-0.396795	0.654263	-1.170966	0.881229	88	75	170	151	0
321	-0.506730	0.693881	-1.423565	0.928318	80	71	170	151	0
322	0.358241	0.360081	2.173399	0.014875	115	100	170	151	5
323	-0.458608	0.676779	-0.634559	0.737269	151	134	170	151	2
324	-0.246732	0.597447	-0.856405	0.804570	25	22	170	151	0
325	-0.269220	0.606127	-1.655911	0.963924	47	38	170	151	0
326	-0.435009	0.668253	-0.619441	0.732302	56	53	170	151	0
327	-0.414070	0.660615	0.317208	0.375543	86	72	170	151	1
328	0.746451	0.227697	-0.231041	0.591363	129	117	170	151	4
329	-0.410469	0.659294	-0.328984	0.628928	76	63	170	151	0
330	2.190829	0.014232	1.919371	0.027469	201	175	170	151	10
331	0.705227	0.240335	2.031102	0.021122	84	74	170	151	3
332	-0.315764	0.623920	-0.725000	0.765994	134	118	170	151	2
333	-0.407113	0.658062	0.829941	0.203286	75	63	170	151	1
334	-0.359444	0.640385	2.910643	0.001803	134	113	170	151	3
335	-0.358145	0.639899	1.309048	0.095259	90	77	170	151	3
336	-0.410992	0.659486	-0.523378	0.699705	69	58	170	151	1
337	-0.436214	0.668691	-0.629583	0.735639	89	67	170	151	0
338	1.171207	0.120758	-0.357436	0.639633	17	14	170	151	1
339	-0.456458	0.676006	-1.145072	0.875730	102	90	170	151	1
340	-0.349082	0.636501	-1.555462	0.949134	62	46	170	151	1
341	-0.417407	0.661837	-1.032307	0.850129	71	57	170	151	0
342	-0.463643	0.678587	-0.762094	0.777271	56	44	170	151	0
343	-0.440173	0.670126	-1.008888	0.844465	155	134	170	151	4
344	-0.386768	0.650557	-0.891899	0.814326	88	75	170	151	3
345	-0.486456	0.686724	-1.269633	0.900965	137	111	170	151	0
346	-0.475020	0.682656	-1.225867	0.892442	108	92	170	151	2
347	-0.459288	0.677024	-1.379599	0.920888	75	64	170	151	1
348	-0.461162	0.677697	-0.821742	0.794768	79	70	170	151	0
349	-0.518288	0.697929	-0.750638	0.773820	97	86	170	151	1
350	-0.210001	0.583170	-0.942867	0.827836	118	99	170	151	2
351	-0.366423	0.642993	-0.575371	0.717566	48	42	170	151	0
352	-0.203008	0.580439	-0.412287	0.659961	13	12	170	151	0
353	-0.423988	0.664241	0.113949	0.454639	70	61	170	151	0
354	-0.545551	0.707383	-0.991896	0.840279	126	113	170	151	1
355	-0.363545	0.641918	-0.242354	0.595752	70	63	170	151	0
356	-0.412264	0.659953	-0.254754	0.600549	389	231	170	151	0
357	-0.247365	0.597693	-0.572114	0.716462	52	25	170	151	0
358	-0.437396	0.669119	0.461931	0.322065	216	176	170	151	3
359	-0.524592	0.700127	-0.826325	0.796079	137	119	170	151	1
360	-0.400021	0.655453	-0.029205	0.511650	101	91	170	151	1
361	0.246171	0.402775	0.237242	0.406235	86	76	170	151	2
362	-0.047759	0.519046	0.437100	0.331020	102	86	170	151	3
363	-0.434767	0.668165	-1.110226	0.868109	67	57	170	151	0
364	-0.390643	0.651991	-0.873970	0.809433	47	43	170	151	0
365	-0.428637	0.665935	-0.571274	0.716177	44	39	170	151	0
366	-0.204506	0.581024	-0.857602	0.804903	25	20	170	151	0
367	-0.395766	0.653884	0.290097	0.385871	42	39	170	151	1
368	-0.289847	0.614042	-1.769591	0.980201	44	35	170	151	0
369	-0.248484	0.598126	-0.287289	0.613063	23	19	170	151	0
370	-0.796788	0.787544	-1.931115	1.000000	169	143	170	151	2
371	-0.836108	0.798863	-1.840911	0.990500	133	112	170	151	0
372	-0.428649	0.665940	-0.598798	0.725447	53	44	170	151	0
373	-0.843304	0.800897	-2.064487	1.000000	185	156	170	151	0
374	-0.344999	0.634967	2.021085	0.021635	35	32	170	151	0
375	-0.359223	0.640302	-1.343016	0.914484	56	42	170	151	0
376	-0.415248	0.661046	-1.141741	0.875012	68	52	170	151	1
377	-0.390311	0.651868	0.247204	0.402375	59	44	170	151	1
378	-0.472652	0.681811	-0.873672	0.809352	72	62	170	151	1
379	0.018536	0.492606	0.119071	0.452609	328	280	170	151	10
380	-0.273096	0.607618	-1.318597	0.910088	62	56	170	151	2
381	-0.250817	0.599028	-1.341584	0.914229	70	66	170	151	3
382	-0.398267	0.654806	-1.213749	0.890018	70	65	170	151	1
383	-0.376670	0.646810	-0.793868	0.786690	52	46	170	151	1
384	-0.436826	0.668913	-0.051929	0.520708	65	57	170	151	1
385	-0.322992	0.626661	-0.679947	0.751899	89	77	170	151	3
386	0.162131	0.435601	-1.317451	0.909879	29	25	170	151	1
387	-0.269137	0.606095	3.056015	0.001122	55	51	170	151	1
388	-0.106775	0.542517	-0.421762	0.663429	71	60	170	151	2
389	0.289017	0.386284	-0.199561	0.579091	42	34	170	151	1
390	-0.445547	0.672071	-1.211926	0.889651	73	63	170	151	0
391	-0.356852	0.639415	-1.362481	0.917918	60	50	170	151	3
392	4.223145	0.000012	3.396690	0.000341	84	73	170	151	2
393	-0.402304	0.656294	-0.359593	0.640441	54	46	170	151	0
394	-0.358253	0.639939	-0.542995	0.706502	30	27	170	151	0
395	-0.447844	0.672901	-0.572402	0.716559	53	47	170	151	0
396	-0.563220	0.713437	-0.299362	0.617678	140	94	170	151	0
397	-0.429411	0.666218	-0.583625	0.720355	38	35	170	151	0
398	-0.430041	0.666447	-0.578221	0.718530	42	34	170	151	0
399	-0.306187	0.620279	-0.948602	0.829320	35	28	170	151	0
400	1.527500	0.063318	1.012590	0.155628	85	77	170	151	1
401	1.378040	0.084096	2.495621	0.006287	76	68	170	151	2
402	1.576441	0.057462	1.285210	0.099360	92	83	170	151	1
403	-0.355581	0.638939	-0.639360	0.738836	73	63	170	151	3
404	-0.265103	0.604542	-0.876269	0.810065	18	14	170	151	0
405	-0.979093	0.837082	-2.110813	1.000000	222	129	170	151	0
406	-0.193038	0.576538	-0.949331	0.829508	12	10	170	151	0
407	-0.346996	0.635718	-2.038524	1.000000	23	22	170	151	0
408	2.767012	0.002829	2.885121	0.001956	24	16	170	151	1
409	-0.444519	0.671700	-2.048973	1.000000	48	36	170	151	0
410	-0.268126	0.605706	-0.779257	0.782386	13	11	170	151	0
411	-0.247417	0.597713	-0.675756	0.750566	27	22	170	151	0
412	-0.283995	0.611801	-1.137357	0.874064	40	31	170	151	0
413	-0.298039	0.617173	-1.842656	0.990755	22	20	170	151	0
414	-0.605211	0.727586	-1.991627	1.000000	74	43	170	151	0
415	-0.396021	0.653978	7.526593	0.000000	31	19	170	151	0
416	-0.309635	0.621591	-1.278102	0.902574	14	12	170	151	0
417	-0.243509	0.596200	-0.215438	0.585291	10	9	170	151	0
418	-0.224341	0.588758	2.153751	0.015630	19	16	170	151	0
419	-0.316725	0.624285	-0.605382	0.727642	27	24	170	151	0
420	-0.247516	0.597751	-0.618305	0.731927	15	15	170	151	0
421	-0.210688	0.583438	-0.547726	0.708131	11	8	170	151	0
422	-0.341394	0.633610	-0.470251	0.680953	113	91	170	151	4
423	-0.587284	0.721587	-2.454678	1.000000	65	58	170	151	0
424	-0.563746	0.713616	-0.364423	0.642246	49	44	170	151	0
425	-0.240864	0.595175	-0.569581	0.715602	10	10	170	151	0
426	-0.252281	0.599594	-0.630699	0.736005	19	19	170	151	0
427	-0.241300	0.595344	-0.502013	0.692222	35	32	170	151	0
428	-0.231553	0.591562	-0.496843	0.690400	10	9	170	151	0
429	-0.592091	0.723201	0.263087	0.396242	217	181	170	151	3
430	-0.308962	0.621335	-1.907563	1.000000	16	16	170	151	0
431	-0.346368	0.635481	-1.128309	0.872096	23	17	170	151	0
432	-0.238575	0.594287	-2.526332	1.000000	10	7	170	151	0
433	-0.212080	0.583981	-1.881598	0.996511	10	7	170	151	0
434	-0.303644	0.619310	-0.856042	0.804468	78	62	170	151	3
435	3.009625	0.001308	0.649265	0.258084	396	329	170	151	13
436	-0.555831	0.710912	-2.407623	1.000000	48	44	170	151	0
437	-0.324577	0.627261	1.143187	0.126480	18	15	170	151	0
438	-0.281523	0.610853	1.213904	0.112392	32	28	170	151	0
439	-0.207689	0.582268	-1.379938	0.920947	14	12	170	151	1
440	-0.890731	0.814009	-1.923011	1.000000	141	118	170	151	0
441	0.037927	0.484873	-1.161083	0.879146	36	32	170	151	1
442	-0.587176	0.721551	-2.494600	1.000000	76	69	170	151	0
443	-0.266760	0.605180	-1.284991	0.903872	24	21	170	151	0
444	-0.224096	0.588663	-1.166466	0.880283	74	64	170	151	2
445	2.214604	0.013394	1.627807	0.051783	120	108	170	151	6
446	2.196822	0.014017	-1.070024	0.858997	18	12	170	151	2
447	-0.226962	0.589778	-1.551787	0.948578	9	8	170	151	0
448	-0.205246	0.581313	-0.308006	0.620971	13	10	170	151	0
449	-0.576015	0.717784	-2.502099	1.000000	61	55	170	151	0
450	-0.544155	0.706902	2.111948	0.017345	116	69	170	151	0
451	-0.148348	0.558967	-0.551706	0.709498	37	29	170	151	3
452	-0.340363	0.633222	5.419582	0.000000	25	18	170	151	1
453	0.375136	0.353780	-0.505639	0.693498	17	14	170	151	1
454	-0.565065	0.714066	-1.690361	0.968877	129	112	170	151	0
455	-0.286777	0.612867	-1.451978	0.932976	21	16	170	151	0
456	-0.384525	0.649726	-1.250542	0.897292	70	54	170	151	0
457	-0.302528	0.618885	-1.373876	0.919900	19	17	170	151	0
458	-0.235953	0.593270	-1.847773	0.991505	11	10	170	151	0
459	-0.265946	0.604866	-0.391993	0.652490	19	16	170	151	0
460	-0.111047	0.544211	-1.632067	0.960469	51	43	170	151	1
461	-0.351689	0.637479	-1.558766	0.949632	60	52	170	151	0
462	-0.262625	0.603587	-0.350150	0.636902	17	15	170	151	0
463	-0.214993	0.585117	2.122978	0.016878	17	14	170	151	0
464	-0.242384	0.595764	-0.713617	0.762474	11	10	170	151	0
465	-0.255674	0.600905	-0.961376	0.832597	11	11	170	151	0
466	1.357611	0.087294	4.627295	0.000002	421	320	170	151	5
467	-0.373074	0.645472	-1.093728	0.864412	90	67	170	151	2
468	-0.561814	0.712957	-2.105802	1.000000	67	53	170	151	0
469	-0.336038	0.631592	-0.414020	0.660596	59	41	170	151	0
470	-0.171879	0.568236	-2.046515	1.000000	24	20	170	151	1
471	-0.232389	0.591887	-0.969628	0.834695	12	11	170	151	0
472	-0.534263	0.703485	-1.018755	0.846866	66	61	170	151	0
473	-0.225245	0.589110	-1.383692	0.921592	14	10	170	151	0
474	-0.435994	0.668610	0.793389	0.213776	101	81	170	151	2
475	-0.196696	0.577970	-1.530881	0.945397	31	22	170	151	1
476	-0.272013	0.607201	-0.427195	0.665410	24	12	170	151	0
477	-0.299539	0.617745	-0.274056	0.607986	51	19	170	151	0
478	-0.217502	0.586095	-1.328781	0.911933	18	16	170	151	0
479	-0.263571	0.603951	-1.634431	0.960813	22	18	170	151	1
480	-0.472622	0.681800	0.234298	0.407377	109	89	170	151	3
481	-0.207912	0.582355	-1.318507	0.910072	10	9	170	151	0
482	-0.609009	0.728848	-1.178224	0.882746	42	13	170	151	0
483	-0.890828	0.814036	-2.010294	1.000000	179	100	170	151	0
484	-0.137071	0.554514	-0.638350	0.738507	38	27	170	151	1
485	-0.229569	0.590791	-2.020178	1.000000	20	16	170	151	1
486	-0.280499	0.610461	-0.188472	0.574749	44	33	170	151	1
487	-0.277263	0.609218	-0.970573	0.834934	38	29	170	151	0
488	-0.306740	0.620489	-1.190705	0.885329	38	33	170	151	0
489	-0.456652	0.676076	-0.392550	0.652696	104	88	170	151	0
490	-0.209737	0.583067	5.863298	0.000000	14	7	170	151	0
491	-0.243700	0.596274	-1.037182	0.851293	18	16	170	151	0
492	-0.222139	0.587901	-1.271350	0.901293	29	24	170	151	1
493	-0.297853	0.617102	0.088166	0.464872	29	27	170	151	0
494	-0.520405	0.698668	-1.954230	1.000000	58	43	170	151	0
495	5.844060	0.000000	-0.511387	0.695515	22	14	170	151	1
496	-0.217270	0.586005	-1.435000	0.930206	27	24	170	151	0
497	-0.253906	0.600222	-0.997381	0.841637	14	11	170	151	0
498	-0.217116	0.585945	-1.204633	0.888176	12	12	170	151	0
499	-0.567880	0.715024	-2.442451	1.000000	97	74	170	151	1
500	-0.560653	0.712561	-2.485944	1.000000	64	52	170	151	0
501	-0.271112	0.606855	-1.370830	0.919372	24	21	170	151	0
502	-0.304290	0.619556	-1.046026	0.853391	29	23	170	151	0
503	-0.188956	0.574939	-0.091189	0.536329	14	12	170	151	0
504	-0.230524	0.591162	-1.174899	0.882052	24	21	170	151	0
505	-0.215564	0.585340	-1.225440	0.892357	12	11	170	151	0
506	-0.230620	0.591200	-1.211082	0.889481	44	34	170	151	1
507	-0.618837	0.732103	-2.423103	1.000000	126	97	170	151	1
508	-0.121873	0.548501	0.387022	0.349370	87	81	170	151	2
509	-0.284342	0.611934	-1.581121	0.952978	46	38	170	151	0
510	-0.281526	0.610854	-1.359824	0.917453	23	20	170	151	0
511	-0.263406	0.603888	-0.934311	0.825609	16	11	170	151	0
512	-0.365510	0.642652	-1.685109	0.968124	70	60	170	151	0
513	-0.215990	0.585506	-1.204469	0.888143	12	12	170	151	0
514	-0.282713	0.611310	-1.142389	0.875152	38	33	170	151	0
515	-0.404750	0.657194	-1.072041	0.859463	87	71	170	151	3
516	-0.255382	0.600792	-1.893121	0.998240	17	13	170	151	1
517	-0.263069	0.603758	-1.757106	0.978415	19	15	170	151	1
518	-0.292874	0.615200	-1.522516	0.944113	27	23	170	151	1
519	6.624609	0.000000	3.701678	0.000107	23	19	170	151	2
520	2.153928	0.015623	-0.741450	0.771032	91	72	170	151	2
521	-0.521805	0.699156	0.098298	0.460848	137	114	170	151	2
522	-0.335138	0.631253	-1.386188	0.922020	36	31	170	151	1
523	-0.188696	0.574837	-1.655233	0.963826	13	11	170	151	0
524	-0.370901	0.644662	-0.638949	0.738702	15	14	170	151	0
525	-0.235251	0.592998	-0.344042	0.634607	16	11	170	151	0
526	-0.211101	0.583600	-2.402399	1.000000	23	17	170	151	0
527	0.006138	0.497551	0.516925	0.302604	58	54	170	151	2
528	-0.270826	0.606745	-0.769442	0.779469	27	22	170	151	0
529	-0.430693	0.666684	0.361370	0.358911	127	98	170	151	5
530	-0.316074	0.624038	0.378505	0.352528	20	19	170	151	0
531	-0.177572	0.570473	-2.093257	1.000000	12	9	170	151	0
532	-0.216496	0.585703	-1.783506	0.982195	15	12	170	151	1
533	-0.553610	0.710151	-2.374906	1.000000	51	44	170	151	0
534	-0.243151	0.596061	-0.823258	0.795202	25	21	170	151	0
535	-0.427328	0.665459	-0.607145	0.728229	22	21	170	151	0
536	-0.263078	0.603761	-1.837271	0.989968	17	14	170	151	0
537	-0.231934	0.591710	-2.361708	1.000000	26	20	170	151	0
538	2.254064	0.012096	2.118215	0.017078	16	11	170	151	1
539	-0.488884	0.687585	-1.151647	0.877139	198	165	170	151	1
540	-0.251290	0.599211	-0.663074	0.746510	12	11	170	151	0
541	-0.219478	0.586865	-0.715622	0.763096	27	24	170	151	0
542	-0.219567	0.586900	-1.538701	0.946592	18	15	170	151	0
543	-0.175012	0.569467	-2.158804	1.000000	10	8	170	151	0
544	-0.314176	0.623317	-0.679812	0.751856	11	8	170	151	0
545	-0.397159	0.654398	1.257187	0.104343	205	167	170	151	4
546	-0.235736	0.593186	-0.118175	0.547036	21	16	170	151	0
547	0.042236	0.483155	-1.318607	0.910090	10	7	170	151	1
548	-0.230824	0.591279	-1.102294	0.866339	30	24	170	151	1
549	-0.255152	0.600703	-0.809946	0.791370	31	22	170	151	0
550	-0.327618	0.628412	-0.702590	0.759037	12	9	170	151	0
551	0.850388	0.197555	-1.405156	0.925241	38	32	170	151	1
552	0.050626	0.479812	-1.131904	0.872880	14	11	170	151	1
553	2.212640	0.013461	-2.004551	1.000000	20	17	170	151	1
554	1.227420	0.109832	4.301865	0.000008	26	24	170	151	1
555	-0.271327	0.606937	-0.191466	0.575922	12	12	170	151	0
556	-0.255897	0.600991	-1.487108	0.938594	19	15	170	151	0
557	-0.238846	0.594392	-1.001525	0.842659	12	9	170	151	0
558	0.909701	0.181490	3.011722	0.001299	11	9	170	151	1
559	-0.320229	0.625614	-1.590608	0.954386	48	37	170	151	0
560	0.325418	0.372432	-0.475125	0.682693	10	9	170	151	1
561	-0.349094	0.636505	0.770787	0.220416	49	43	170	151	0
562	-0.368940	0.643932	-1.120388	0.870358	33	24	170	151	0
563	-0.188103	0.574605	-0.470185	0.680929	18	16	170	151	0
564	-0.303079	0.619095	0.716712	0.236776	31	29	170	151	0
565	2.862518	0.002102	1.687472	0.045756	11	8	170	151	1
566	1.137461	0.127673	3.255514	0.000566	30	27	170	151	1
567	-0.237364	0.593818	-0.656223	0.744305	13	11	170	151	0
568	-0.226838	0.589729	3.334426	0.000427	11	9	170	151	0
569	-0.380106	0.648086	0.986768	0.161878	52	47	170	151	0
570	-0.210739	0.583458	0.518664	0.301998	111	97	170	151	2
571	-0.323651	0.626911	-1.565288	0.950612	16	15	170	151	0
572	-0.438359	0.669469	-0.503276	0.692667	21	20	170	151	0
573	-0.370901	0.644662	-0.418846	0.662363	15	14	170	151	0
574	-0.248291	0.598051	-1.335059	0.913062	44	33	170	151	1
575	-0.571645	0.716303	-1.285778	0.904020	91	76	170	151	0
576	-0.317720	0.624663	-0.633591	0.736952	82	74	170	151	0
577	-0.248201	0.598016	1.383014	0.083330	25	23	170	151	0
578	-0.554432	0.710433	-2.426335	1.000000	48	42	170	151	0
579	-0.220242	0.587163	2.539291	0.005554	12	11	170	151	0
580	4.464033	0.000004	3.100631	0.000966	10	7	170	151	1
581	0.176790	0.429837	-0.952056	0.830209	20	16	170	151	1
582	-0.320429	0.625690	-1.690922	0.968958	23	18	170	151	0
583	-0.255892	0.600989	-1.334720	0.913001	24	23	170	151	0
584	-0.261424	0.603124	-0.569569	0.715598	13	12	170	151	0
585	-0.255319	0.600768	-1.982118	1.000000	12	12	170	151	0
586	-0.186882	0.574126	-0.785359	0.784189	9	6	170	151	0
587	-0.195661	0.577565	-0.693409	0.756156	38	27	170	151	1
588	-0.331103	0.629729	-1.768298	0.980016	26	21	170	151	0
589	-0.310260	0.621829	-0.948696	0.829344	25	22	170	151	1
590	-0.860459	0.805698	-1.243212	0.895863	140	105	170	151	0
591	-0.223291	0.588350	0.154930	0.438438	10	7	170	151	0
592	-0.404292	0.657025	-1.201556	0.887550	54	46	170	151	0
593	-0.254425	0.600422	-1.863510	0.993823	13	11	170	151	0
594	-0.390087	0.651785	-0.953934	0.830692	37	30	170	151	0
595	3.790494	0.000075	2.328014	0.009956	30	23	170	151	1
596	-0.188568	0.574787	-0.885779	0.812664	12	9	170	151	0
597	-0.258291	0.601915	-0.220845	0.587397	38	28	170	151	1
598	-0.244756	0.596683	-1.789845	0.983105	15	12	170	151	1
599	-0.641217	0.739441	-2.032086	1.000000	84	50	170	151	0
600	-0.340666	0.633336	-0.745143	0.772155	16	16	170	151	0
601	-0.225954	0.589386	0.062424	0.475113	15	13	170	151	0
602	-0.330069	0.629339	-0.740929	0.770873	14	14	170	151	0
603	-0.269255	0.606140	-1.130791	0.872637	21	20	170	151	0
604	-0.227708	0.590068	-1.451527	0.932903	17	14	170	151	1
605	-0.376948	0.646913	-1.065773	0.858013	27	26	170	151	0
606	0.164015	0.434860	-0.715307	0.762998	352	275	170	151	4
607	2.722209	0.003242	1.795653	0.036275	89	69	170	151	4
608	-0.561253	0.712766	-0.526107	0.700654	54	41	170	151	0
609	-0.674435	0.750145	-2.125704	1.000000	200	164	170	151	1
610	-0.481877	0.685098	-0.460877	0.677594	89	49	170	151	0
611	-0.264287	0.604227	-1.330135	0.912177	18	16	170	151	0
612	0.958601	0.168880	7.804675	0.000000	10	2	170	151	1
613	-0.219626	0.586923	-1.984110	1.000000	12	10	170	151	0
614	-0.462496	0.678176	-0.637052	0.738083	139	116	170	151	1
615	-0.205833	0.581543	-1.294751	0.905698	10	10	170	151	0
616	-0.588127	0.721870	-0.483918	0.685823	186	159	170	151	2
617	-0.226858	0.589737	-1.895640	0.998619	14	11	170	151	0
618	-0.226605	0.589639	-1.364917	0.918343	13	8	170	151	0
619	-0.313050	0.622889	-0.829437	0.796967	16	11	170	151	0
620	-0.476203	0.683078	2.409561	0.007986	79	68	170	151	0
621	-0.555776	0.710893	-2.416977	1.000000	49	45	170	151	0
622	-0.427860	0.665653	-0.641455	0.739519	51	40	170	151	0
623	-0.186870	0.574121	-0.671024	0.749057	10	7	170	151	0
624	-0.255573	0.600866	-0.020298	0.508097	12	9	170	151	0
625	-0.205692	0.581488	1.221602	0.110929	15	14	170	151	0
626	-0.355076	0.638749	2.136392	0.016324	43	37	170	151	1
627	-0.272858	0.607526	-0.027553	0.510991	11	9	170	151	0
628	-0.234867	0.592849	-1.311606	0.908811	15	13	170	151	0
629	-0.556588	0.711171	-2.493829	1.000000	58	48	170	151	0
630	-0.677788	0.751213	-1.653962	0.963643	105	84	170	151	0
631	-0.653259	0.743348	-0.641070	0.739394	279	244	170	151	3
632	-0.198113	0.578525	-2.263882	1.000000	11	8	170	151	0
633	-0.099174	0.539501	-1.046258	0.853446	30	25	170	151	1
634	-0.440790	0.670350	-0.628945	0.735430	70	56	170	151	0
635	-0.365638	0.642700	-2.058425	1.000000	33	31	170	151	0
636	-0.387326	0.650764	1.271317	0.101808	60	50	170	151	1
637	-0.296952	0.616758	-0.371978	0.645064	34	26	170	151	0
638	-0.371871	0.645024	-0.497830	0.690748	81	67	170	151	1
639	-0.272835	0.607517	-0.125336	0.549872	31	27	170	151	0
640	-0.259022	0.602197	-0.476557	0.683204	15	14	170	151	0
641	-0.094174	0.537515	-1.052839	0.854995	20	18	170	151	1
642	-0.381857	0.648736	-1.324843	0.911222	29	24	170	151	0
643	-0.322616	0.626519	5.788839	0.000000	15	14	170	151	0
644	-0.826987	0.796268	-1.844938	0.991090	153	79	170	151	0
645	-0.266035	0.604900	-0.319305	0.625264	14	12	170	151	0
646	-0.422669	0.663759	-1.709580	0.971627	30	26	170	151	0
647	-0.261936	0.603321	-1.273880	0.901773	14	10	170	151	0
648	-0.465466	0.679240	-0.128547	0.551143	920	657	170	151	10
649	0.037595	0.485005	-0.624972	0.734125	188	136	170	151	5
650	-0.234280	0.592621	-1.522453	0.944103	15	12	170	151	0
651	-0.294338	0.615759	-0.836535	0.798984	305	220	170	151	6
652	-0.214072	0.584758	-0.983310	0.838139	13	10	170	151	0
653	-0.440229	0.670146	0.544397	0.293084	120	108	170	151	1
654	1.676349	0.046835	5.227495	0.000000	325	257	170	151	5
655	-0.364287	0.642195	-1.281468	0.903209	34	28	170	151	0
656	-0.226983	0.589786	-0.039275	0.515665	11	9	170	151	0
657	-0.430555	0.666634	0.743773	0.228507	78	70	170	151	1
658	-0.425198	0.664682	2.775397	0.002757	66	45	170	151	1
659	-0.320178	0.625595	-1.491474	0.939282	21	17	170	151	0
660	-0.368340	0.643708	-2.276272	1.000000	24	18	170	151	0
661	-0.287061	0.612976	0.423907	0.335817	30	26	170	151	0
662	-0.203369	0.580580	0.477512	0.316499	10	7	170	151	0
663	-0.201713	0.579933	-0.127692	0.550805	10	10	170	151	0
664	-0.230240	0.591052	-0.765804	0.778382	13	13	170	151	0
665	-0.299847	0.617863	-1.068331	0.858606	25	21	170	151	0
666	0.096102	0.461720	-0.813415	0.792373	57	43	170	151	3
667	-0.410120	0.659166	2.068259	0.019308	59	39	170	151	1
668	-0.510018	0.695035	-0.367458	0.643379	137	120	170	151	2
669	1.312834	0.094620	0.095273	0.462049	124	95	170	151	3
670	-0.395472	0.653775	-1.802945	0.984991	133	107	170	151	1
671	-0.276806	0.609043	-1.222325	0.891737	15	12	170	151	0
672	-0.195661	0.577565	-0.142339	0.556595	12	9	170	151	0
673	-0.204041	0.580842	0.548822	0.291564	10	8	170	151	0
674	-0.342966	0.634202	0.963052	0.167761	43	39	170	151	0
675	0.147875	0.441221	-0.280162	0.610331	16	16	170	151	1
676	-0.258546	0.602014	-1.771879	0.980528	15	12	170	151	0
677	-0.201151	0.579713	-0.129097	0.551361	14	10	170	151	0
678	-0.281290	0.610764	-0.294497	0.615820	27	24	170	151	1
679	-0.299478	0.617722	-0.523167	0.699631	16	15	170	151	0
680	9.541463	0.000000	1.597422	0.055086	34	25	170	151	4
681	-0.423812	0.664177	-2.258930	1.000000	42	32	170	151	0
682	-0.419421	0.662573	-0.251379	0.599245	328	196	170	151	0
683	-0.226972	0.589782	-0.483816	0.685787	29	26	170	151	0
684	-0.243404	0.596159	-0.329332	0.629060	18	16	170	151	0
685	-0.203187	0.580509	4.981128	0.000000	10	8	170	151	1
686	-0.340982	0.633455	0.135057	0.446283	15	14	170	151	0
687	-0.254116	0.600303	-0.829800	0.797070	413	353	170	151	6
688	-0.282914	0.611387	-1.506783	0.941677	27	23	170	151	0
689	0.219484	0.413137	0.103395	0.458825	49	41	170	151	3
690	-0.285319	0.612308	-0.101490	0.540420	21	17	170	151	0
691	-0.565710	0.714285	-2.040230	1.000000	65	57	170	151	0
692	-0.317929	0.624742	4.297099	0.000009	17	16	170	151	0
693	-0.323286	0.626772	-0.630082	0.735803	38	32	170	151	0
694	-0.237678	0.593940	0.500859	0.308235	10	6	170	151	0
695	-0.555186	0.710691	-2.394714	1.000000	57	49	170	151	0
696	-0.470941	0.681199	-0.851267	0.803134	45	38	170	151	0
697	-0.493005	0.689044	-1.700476	0.970325	41	37	170	151	0
698	-0.268603	0.605889	-0.093529	0.537259	34	31	170	151	1
699	-0.889427	0.813656	-1.345094	0.914853	161	120	170	151	0
700	-0.484968	0.686196	1.442135	0.074632	122	99	170	151	3
701	-0.310705	0.621998	-1.823842	0.988014	27	23	170	151	0
702	-0.378302	0.647416	-1.850362	0.991885	28	20	170	151	1
703	-0.200902	0.579616	-0.211176	0.583628	10	10	170	151	0
704	-0.373689	0.645701	-1.084505	0.862319	31	27	170	151	0
705	-0.431427	0.666951	-1.696514	0.969758	53	41	170	151	1
706	-0.333550	0.630653	-0.582828	0.720086	22	15	170	151	1
707	-0.340919	0.633432	-0.734577	0.768934	21	18	170	151	0
708	-0.274958	0.608333	-0.254383	0.600406	19	12	170	151	1
709	0.102804	0.459059	-0.421813	0.663447	27	24	170	151	1
710	-0.383545	0.649362	-0.372125	0.645119	72	59	170	151	1
711	-0.293988	0.615625	-0.647637	0.741528	38	26	170	151	0
712	-1.172599	0.881571	-2.389363	1.000000	518	362	170	151	2
713	-0.429167	0.666129	0.435053	0.331762	95	76	170	151	3
714	0.987849	0.161613	0.086948	0.465356	48	38	170	151	4
715	-0.331826	0.630002	-0.539653	0.705349	12	6	170	151	0
716	-0.311879	0.622444	9.114175	0.000000	11	3	170	151	0
717	-0.609414	0.728983	-1.038604	0.851632	81	63	170	151	0
718	-0.763135	0.777583	-1.631222	0.960346	111	79	170	151	0
719	-0.486312	0.686673	-1.751122	0.977560	45	32	170	151	0
720	-0.884086	0.812203	-1.957684	1.000000	176	95	170	151	0
721	-0.374365	0.645952	-0.660827	0.745788	23	19	170	151	0
722	-0.262243	0.603440	-1.335233	0.913093	11	9	170	151	0
723	-0.677564	0.751142	0.001923	0.499233	112	86	170	151	2
724	-0.377210	0.647010	-2.403564	1.000000	26	16	170	151	0
725	-0.773407	0.780650	-1.526109	0.944665	210	149	170	151	0
726	-0.299071	0.617566	5.187610	0.000000	13	12	170	151	0
727	-0.482802	0.685426	-1.064874	0.857805	51	43	170	151	0
728	-0.219672	0.586941	-0.982311	0.837889	11	7	170	151	0
729	4.088459	0.000022	1.349136	0.088647	251	208	170	151	9
730	-0.321054	0.625927	-1.582793	0.953226	46	37	170	151	0
731	-0.255554	0.600859	0.216795	0.414184	43	39	170	151	1
732	-0.291403	0.614637	-1.373393	0.919817	29	21	170	151	0
733	-0.206441	0.581780	0.301240	0.381616	184	149	170	151	3
734	2.713289	0.003331	-0.850358	0.802879	12	10	170	151	1
735	-0.338859	0.632656	0.296378	0.383471	28	22	170	151	0
736	-0.332678	0.630324	2.035081	0.020921	39	33	170	151	0
737	-0.212280	0.584059	-0.291566	0.614700	15	11	170	151	0
738	-0.386973	0.650633	0.848142	0.198179	93	83	170	151	1
739	3.718862	0.000100	2.712015	0.003344	64	51	170	151	2
740	-0.216760	0.585806	-0.164574	0.565362	25	24	170	151	1
741	2.254064	0.012096	-0.327962	0.628542	16	14	170	151	1
742	-0.241539	0.595437	-2.162992	1.000000	13	11	170	151	0
743	-0.482651	0.685373	0.072861	0.470958	33	29	170	151	0
744	-0.361010	0.640970	-0.825643	0.795884	16	9	170	151	0
745	-0.267555	0.605486	-1.206404	0.888535	26	19	170	151	0
746	-0.385780	0.650191	-2.019667	1.000000	80	63	170	151	0
747	-0.230886	0.591303	-0.140193	0.555747	88	76	170	151	1
748	-0.154756	0.561495	-0.182796	0.572524	33	29	170	151	1
749	-0.246256	0.597263	1.293361	0.097943	11	10	170	151	0
750	-0.426992	0.665336	1.346696	0.089039	74	62	170	151	2
751	0.450607	0.326136	5.608382	0.000000	25	19	170	151	1
752	-0.283643	0.611666	0.263466	0.396096	16	12	170	151	0
753	-0.223933	0.588600	-2.188465	1.000000	11	9	170	151	0
754	-0.280493	0.610458	-0.702652	0.759057	10	7	170	151	0
755	-0.204737	0.581114	-0.304808	0.619754	10	8	170	151	0
756	-0.447755	0.672869	-1.629860	0.960148	45	39	170	151	0
757	-0.427138	0.665390	-1.544063	0.947408	35	24	170	151	0
758	-0.216597	0.585743	-0.721293	0.764851	26	24	170	151	1
759	3.879613	0.000052	7.496436	0.000000	15	14	170	151	2
760	-0.367830	0.643518	-1.630330	0.960216	32	28	170	151	0
761	-0.404810	0.657216	-0.212961	0.584325	241	207	170	151	0
762	-0.234802	0.592824	0.110183	0.456132	25	24	170	151	1
763	-0.142309	0.556583	0.054971	0.478081	20	19	170	151	1
764	-0.342359	0.633974	-0.617335	0.731607	32	27	170	151	0
765	-0.364777	0.642378	-0.490288	0.688082	805	569	170	151	8
766	-0.238927	0.594424	-2.570393	1.000000	16	11	170	151	0
767	-0.274103	0.608004	1.466206	0.071296	27	24	170	151	0
768	7.814703	0.000000	0.825342	0.204589	14	13	170	151	1
769	7.637568	0.000000	2.504557	0.006130	15	13	170	151	2
770	0.336453	0.368265	-1.644102	0.962216	14	13	170	151	1
771	-0.268649	0.605907	-1.403044	0.924885	13	12	170	151	0
772	-0.306010	0.620211	-0.602671	0.726739	195	152	170	151	4
773	-0.242242	0.595709	-0.692852	0.755981	15	13	170	151	0
774	-0.277166	0.609181	-1.837461	0.989996	11	11	170	151	0
775	-0.272971	0.607569	0.025499	0.489828	32	24	170	151	1
776	2.316443	0.010267	0.367966	0.356449	68	57	170	151	4
777	-0.260391	0.602725	0.426051	0.335035	27	20	170	151	1
778	-0.198703	0.578755	-0.492404	0.688831	13	12	170	151	0
779	-0.290995	0.614481	-1.863194	0.993776	23	19	170	151	0
780	-0.189715	0.575236	0.360199	0.359349	25	22	170	151	1
781	-0.315946	0.623989	-0.387888	0.650972	89	78	170	151	0
782	-0.333782	0.630741	-1.313083	0.909082	69	55	170	151	1
783	-0.325508	0.627614	-0.668952	0.748394	18	17	170	151	0
784	-0.257237	0.601508	-0.384328	0.649653	121	96	170	151	2
785	0.260244	0.397338	-0.181427	0.571986	56	51	170	151	2
786	-0.305040	0.619842	-0.315445	0.623799	44	41	170	151	1
787	-0.295260	0.616111	-0.702255	0.758932	12	10	170	151	0
788	-0.510879	0.695337	-1.564733	0.950529	63	57	170	151	0
789	0.348597	0.363696	-0.973345	0.835634	30	27	170	151	1
790	-0.286769	0.612863	-0.374103	0.645855	22	18	170	151	0
791	0.569168	0.284621	-0.224204	0.588705	29	27	170	151	2
792	-0.194186	0.576988	0.645297	0.259367	28	25	170	151	1
793	-0.433037	0.667536	-0.965906	0.833751	94	81	170	151	0
794	-0.318228	0.624855	-1.532564	0.945655	53	46	170	151	0
795	-0.345772	0.635258	-1.471487	0.936114	21	20	170	151	0
796	-0.395742	0.653875	-1.755991	0.978256	30	24	170	151	0
797	-0.322746	0.626568	-1.026631	0.848768	49	45	170	151	0
798	-0.552501	0.709771	-2.327959	1.000000	56	44	170	151	0
799	-0.278781	0.609801	-1.289875	0.904788	17	11	170	151	0
800	-0.292219	0.614949	3.357499	0.000393	14	13	170	151	0
801	-0.265057	0.604524	-1.461864	0.934572	12	10	170	151	0
802	-0.663481	0.746641	-0.455771	0.675759	92	74	170	151	0
803	-0.340547	0.633291	0.488634	0.312551	17	14	170	151	0
804	-0.350213	0.636926	-0.164982	0.565523	32	29	170	151	0
805	-0.336886	0.631912	-2.456593	1.000000	22	18	170	151	0
806	-0.206470	0.581791	-1.146704	0.876080	15	12	170	151	0
807	-0.298916	0.617507	-0.331169	0.629754	31	30	170	151	1
808	-0.295668	0.616267	-1.626922	0.959719	15	15	170	151	0
809	-0.321770	0.626198	3.655815	0.000128	24	20	170	151	0
810	-0.257188	0.601489	1.907032	0.028258	17	11	170	151	0
811	-0.369911	0.644294	-1.349727	0.915674	22	22	170	151	0
812	-0.554244	0.710368	-2.458799	1.000000	51	44	170	151	0
813	1.468567	0.070975	2.179569	0.014645	25	17	170	151	3
814	-0.302898	0.619026	0.153312	0.439076	37	31	170	151	0
815	-0.322012	0.626290	-0.093475	0.537237	27	21	170	151	0
816	-0.307436	0.620754	0.047966	0.480872	33	27	170	151	0
817	-0.277141	0.609171	0.355140	0.361242	15	12	170	151	0
818	-1.022760	0.847835	-2.238291	1.000000	284	193	170	151	0
819	-0.257705	0.601689	-0.662714	0.746394	11	8	170	151	0
820	-0.223514	0.588436	-0.637909	0.738363	11	9	170	151	0
821	-0.428366	0.665837	-1.748983	0.977254	48	38	170	151	0
822	-0.254439	0.600427	1.927299	0.026971	15	11	170	151	0
823	-0.233840	0.592450	-0.185222	0.573475	23	22	170	151	1
824	-0.276202	0.608811	0.915406	0.179989	14	14	170	151	0
825	-0.258657	0.602056	-0.483722	0.685753	21	20	170	151	1
826	0.275578	0.391436	0.633471	0.263213	78	71	170	151	5
827	-0.248452	0.598113	-0.348544	0.636299	27	21	170	151	0
828	-0.250415	0.598872	-1.427636	0.928992	19	17	170	151	0
829	-0.245174	0.596845	-1.364314	0.918238	10	7	170	151	0
830	-0.436629	0.668841	0.552899	0.290166	38	34	170	151	0
831	-0.151448	0.560191	-1.472404	0.936261	36	27	170	151	3
832	-1.119393	0.870139	-2.073898	1.000000	330	235	170	151	0
833	-0.711511	0.761819	0.543246	0.293480	137	106	170	151	2
834	-0.144689	0.557523	0.195125	0.422647	56	40	170	151	3
835	-0.402405	0.656331	1.122696	0.130783	100	77	170	151	4
836	-0.381570	0.648630	-1.504971	0.941395	85	68	170	151	2
837	-0.284407	0.611959	-1.144444	0.875594	23	18	170	151	0
838	-0.269909	0.606392	-1.076954	0.860593	15	13	170	151	0
839	0.324526	0.372770	4.793601	0.000001	172	147	170	151	1
840	1.189144	0.117192	1.421451	0.077593	28	23	170	151	1
841	-0.143254	0.556957	-1.170450	0.881120	50	43	170	151	2
842	-0.271737	0.607095	1.398102	0.081041	54	44	170	151	2
843	-0.207322	0.582124	1.184562	0.118095	31	27	170	151	1
844	-0.229913	0.590925	0.800082	0.211832	11	8	170	151	0
845	1.346914	0.089004	-0.879709	0.811007	10	10	170	151	1
846	0.050935	0.479688	-1.302037	0.907050	30	29	170	151	1
847	-0.159003	0.563168	-0.888084	0.813291	19	15	170	151	1
848	-0.325169	0.627486	-0.586468	0.721312	408	307	170	151	7
849	-0.585984	0.721149	-1.224282	0.892127	122	80	170	151	0
850	-0.282997	0.611418	-1.223432	0.891958	16	13	170	151	0
851	0.417665	0.338096	-1.596163	0.955207	28	21	170	151	2
852	-0.233311	0.592245	0.064693	0.474209	32	28	170	151	1
853	-0.271504	0.607005	-1.054757	0.855445	18	15	170	151	0
854	2.183267	0.014508	4.841927	0.000001	81	58	170	151	2
855	-0.229616	0.590809	-0.965242	0.833582	10	9	170	151	0
856	-0.218447	0.586464	-1.475700	0.936786	18	14	170	151	0
857	-0.368132	0.643630	1.050386	0.146770	112	91	170	151	1
858	-0.280040	0.610284	0.382156	0.351173	25	20	170	151	0
859	-0.525381	0.700402	-1.733767	0.975082	61	54	170	151	0
860	-0.292232	0.614954	3.968570	0.000036	10	6	170	151	0
861	-0.544915	0.707164	-1.134325	0.873407	188	152	170	151	1
862	-0.613422	0.730312	4.608524	0.000002	122	86	170	151	0
863	-0.467097	0.679825	3.028829	0.001228	64	39	170	151	0
864	5.031581	0.000000	1.054978	0.145718	86	70	170	151	3
865	-0.265564	0.604719	0.622550	0.266790	11	7	170	151	0
866	-0.493524	0.689227	-1.312413	0.908959	107	88	170	151	2
867	-0.260358	0.602713	1.294655	0.097720	41	34	170	151	1
868	-0.484869	0.686161	-0.906265	0.818194	478	403	170	151	3
869	0.621530	0.267125	-0.077338	0.530823	23	16	170	151	2
870	-0.386619	0.650502	-0.170705	0.567774	34	30	170	151	0
871	-0.581457	0.719623	-1.013369	0.845558	168	142	170	151	0
872	-0.226405	0.589561	-1.105227	0.866995	31	24	170	151	0
873	-0.265674	0.604762	-0.579911	0.719102	13	12	170	151	0
874	-0.442616	0.671011	-0.093235	0.537142	62	26	170	151	0
875	-0.270922	0.606782	-0.530167	0.702065	12	12	170	151	0
876	-0.302092	0.618719	-0.369669	0.644204	13	12	170	151	0
877	-0.222707	0.588122	1.708414	0.043780	13	12	170	151	0
878	1.303197	0.096254	-0.303086	0.619097	27	23	170	151	1
879	-0.266721	0.605165	-1.525628	0.944591	14	13	170	151	0
880	-0.742991	0.771501	-1.822425	0.987808	79	68	170	151	0
881	-0.493666	0.689277	-1.497951	0.940298	81	70	170	151	0
882	-0.561435	0.712828	-2.072329	1.000000	65	51	170	151	0
883	-0.279482	0.610070	-1.165121	0.879999	29	25	170	151	0
884	-0.260190	0.602648	-1.292961	0.905364	39	28	170	151	1
885	-0.384689	0.649786	-0.075721	0.530180	35	31	170	151	0
886	3.058205	0.001113	-0.050576	0.520169	19	17	170	151	2
887	-0.302907	0.619029	-0.976192	0.836352	18	16	170	151	0
888	-0.229016	0.590576	-1.692408	0.969170	17	10	170	151	0
889	-0.247937	0.597914	-1.909572	1.000000	11	9	170	151	0
890	-0.225235	0.589106	-2.499779	1.000000	14	11	170	151	0
891	-0.221077	0.587488	-0.309181	0.621418	11	10	170	151	0
892	7.582680	0.000000	0.974743	0.164844	20	17	170	151	1
893	-0.367245	0.643299	-1.094012	0.864476	43	39	170	151	0
894	2.356222	0.009231	-0.211183	0.583631	25	23	170	151	2
895	-0.257151	0.601475	-0.573045	0.716778	78	64	170	151	3
896	-0.260901	0.602922	-1.864435	0.993959	13	10	170	151	0
897	-0.285929	0.612542	-1.826022	0.988330	16	15	170	151	0
898	-0.260945	0.602939	-0.231465	0.591528	51	47	170	151	1
899	-0.283140	0.611473	-1.082562	0.861876	27	25	170	151	0
900	-0.244696	0.596659	-1.953804	1.000000	17	14	170	151	0
901	-0.196977	0.578080	-0.765563	0.778310	18	9	170	151	0
902	-0.253453	0.600047	-1.286573	0.904169	12	11	170	151	0
903	-0.162400	0.564506	-0.183145	0.572660	19	17	170	151	1
904	-0.271530	0.607015	0.212879	0.415711	17	13	170	151	0
905	-0.316241	0.624101	-2.313542	1.000000	22	17	170	151	0
906	-0.256039	0.601045	-0.490283	0.688080	11	5	170	151	0
907	-0.278742	0.609786	-2.495450	1.000000	19	14	170	151	0
908	-0.260063	0.602599	-0.226727	0.589686	44	41	170	151	1
909	-0.257250	0.601513	-0.976907	0.836532	17	13	170	151	0
910	-0.082499	0.532876	-1.686062	0.968261	10	8	170	151	1
911	-0.341384	0.633607	-0.529024	0.701668	30	24	170	151	0
912	1.158643	0.123301	-1.400289	0.924420	53	46	170	151	1
913	-0.245227	0.596865	-1.053805	0.855222	21	16	170	151	0
914	-0.482737	0.685403	6.476778	0.000000	132	99	170	151	0
915	-0.256092	0.601066	-1.625851	0.959563	14	13	170	151	0
916	-0.295061	0.616035	-0.516031	0.697141	12	11	170	151	0
917	-0.604392	0.727313	-2.417494	1.000000	84	72	170	151	0
918	0.041206	0.483566	0.387385	0.349236	25	23	170	151	2
919	-0.185136	0.573441	-1.938331	1.000000	9	5	170	151	0
920	-0.186864	0.574119	-1.287942	0.904426	77	65	170	151	3
921	-0.239928	0.594812	-1.194727	0.886155	14	11	170	151	0
922	-0.240679	0.595103	-0.473631	0.682160	38	36	170	151	2
923	-0.222364	0.587989	-1.143416	0.875373	12	9	170	151	0
924	-0.266873	0.605223	-1.537073	0.946344	17	14	170	151	0
925	-0.285915	0.612536	-1.157446	0.878375	33	30	170	151	0
926	-0.087323	0.534793	-1.099191	0.865643	36	30	170	151	1
927	-0.261794	0.603266	-0.947810	0.829115	17	13	170	151	0
928	-0.338157	0.632391	-0.903653	0.817494	63	55	170	151	0
929	-0.291060	0.614506	-0.405053	0.657305	14	13	170	151	0
930	-0.221869	0.587796	-1.363363	0.918072	10	9	170	151	0
931	-0.261371	0.603103	-0.828480	0.796694	14	13	170	151	0
932	-0.249531	0.598531	0.177040	0.429738	34	28	170	151	0
933	-0.324664	0.627294	-0.848332	0.802311	64	52	170	151	0
934	-0.217983	0.586283	-0.708006	0.760728	13	12	170	151	0
935	-0.350620	0.637079	-0.526296	0.700720	52	49	170	151	2
936	-0.289311	0.613837	9.601829	0.000000	24	21	170	151	0
937	-0.296005	0.616396	-0.564266	0.713793	18	17	170	151	0
938	-0.296394	0.616545	-0.465284	0.679175	24	19	170	151	0
939	-0.562443	0.713172	-1.137128	0.874015	159	137	170	151	0
940	-0.305277	0.619932	-2.020974	1.000000	31	24	170	151	0
941	-0.134060	0.553324	-1.136298	0.873835	72	62	170	151	2
942	-0.157083	0.562412	-1.129869	0.872436	25	19	170	151	1
943	-0.221678	0.587722	0.031311	0.487511	11	10	170	151	0
944	-0.389663	0.651628	-0.658420	0.745013	55	48	170	151	0
945	-0.573472	0.716922	-2.517456	1.000000	53	46	170	151	0
946	-0.259519	0.602389	-1.343383	0.914549	14	10	170	151	0
947	-0.421477	0.663324	-0.924277	0.822977	73	60	170	151	0
948	-0.224837	0.588951	-1.194254	0.886058	10	10	170	151	0
949	-0.351380	0.637364	-0.564719	0.713948	21	20	170	151	0
950	-0.322185	0.626355	-1.905608	1.000000	23	20	170	151	0
951	-0.442234	0.670873	-0.316104	0.624049	72	61	170	151	2
952	-0.362621	0.641573	-1.232275	0.893713	27	24	170	151	0
953	-0.489214	0.687702	1.847511	0.032336	86	47	170	151	0
954	-0.340036	0.633099	-1.376236	0.920308	41	37	170	151	1
955	-0.261391	0.603111	-1.149476	0.876674	11	10	170	151	0
956	-0.296424	0.616556	-1.422221	0.928095	36	32	170	151	0
957	-0.291856	0.614810	-1.473426	0.936424	103	85	170	151	1
958	-0.365681	0.642716	5.674713	0.000000	19	18	170	151	0
959	-0.269744	0.606328	-0.342532	0.634039	17	16	170	151	0
960	-0.239079	0.594483	1.527276	0.063346	13	10	170	151	0
961	-0.214099	0.584769	-0.551392	0.709391	10	8	170	151	0
962	-0.253382	0.600019	-1.486536	0.938504	14	12	170	151	0
963	0.171262	0.432009	5.243331	0.000000	192	165	170	151	1
964	-0.478869	0.684027	-1.199556	0.887143	44	31	170	151	0
965	-0.332532	0.630269	-1.369637	0.919165	29	24	170	151	0
966	-0.321317	0.626026	8.117691	0.000000	35	20	170	151	2
967	-0.570382	0.715874	-1.484600	0.938198	247	208	170	151	2
968	0.043775	0.482542	-0.115260	0.545881	13	11	170	151	1
969	-0.472479	0.681749	-1.199757	0.887184	108	86	170	151	3
970	-0.231581	0.591573	-0.963712	0.833192	14	13	170	151	0
971	-0.288290	0.613446	-1.387753	0.922288	33	28	170	151	0
972	-0.235756	0.593194	-2.079114	1.000000	14	11	170	151	1
973	-0.323668	0.626917	-1.964131	1.000000	26	25	170	151	0
974	-0.621880	0.733106	-2.469844	1.000000	148	122	170	151	0
975	0.051694	0.479386	-0.161825	0.564280	46	40	170	151	2
976	0.317469	0.375444	-0.291714	0.614756	466	380	170	151	9
977	-0.922808	0.822589	-2.034092	1.000000	203	125	170	151	0
978	-0.865912	0.807211	-1.995184	1.000000	169	95	170	151	0
979	-0.441833	0.670728	0.396806	0.345755	27	24	170	151	0
980	-0.847162	0.801982	-1.894306	0.998418	207	173	170	151	0
981	-0.457761	0.676475	0.072289	0.471186	27	25	170	151	0
982	-0.693230	0.756100	-1.217686	0.890809	125	103	170	151	0
983	-0.370719	0.644595	-1.648680	0.962879	23	22	170	151	0
984	-0.299726	0.617816	1.157830	0.123467	21	12	170	151	0
985	-0.706807	0.760354	-2.023835	1.000000	132	107	170	151	0
986	-0.332575	0.630285	-2.059036	1.000000	19	17	170	151	0
987	-0.821363	0.794659	-1.880532	0.996352	98	86	170	151	0
988	-0.428177	0.665768	-1.642270	0.961951	34	31	170	151	0
989	-0.171113	0.567935	-2.047467	1.000000	10	7	170	151	1
990	-0.326491	0.627986	-1.606349	0.956708	14	13	170	151	0
991	-0.671938	0.749348	-1.348971	0.915541	104	91	170	151	0
992	-0.234153	0.592571	-2.066095	1.000000	15	12	170	151	1
993	-0.472036	0.681591	-0.194945	0.577285	33	30	170	151	0
994	-0.357668	0.639720	-2.262311	1.000000	16	15	170	151	0
995	-0.478815	0.684008	-1.964531	1.000000	72	59	170	151	1
996	-0.433696	0.667776	5.954102	0.000000	38	26	170	151	0
997	-0.253580	0.600096	8.046515	0.000000	11	7	170	151	0
998	-0.490195	0.688049	-2.058115	1.000000	73	59	170	151	2
999	-0.257546	0.601627	-1.049073	0.854110	18	16	170	151	0
1000	-0.543939	0.706828	-2.389357	1.000000	64	51	170	151	1
1001	-0.241377	0.595374	-1.266502	0.900368	83	71	170	151	3
1002	-0.475175	0.682711	-1.212344	0.889735	279	207	170	151	4
1003	-0.437407	0.669123	0.375527	0.353634	27	25	170	151	0
1004	1.050226	0.146807	7.460007	0.000000	87	80	170	151	1
1005	2.254032	0.012097	0.837281	0.201217	26	16	170	151	2
1006	-0.555729	0.710877	-2.381205	1.000000	51	44	170	151	0
1007	-0.191615	0.575981	-0.059775	0.523833	28	25	170	151	1
1008	-0.224028	0.588636	10.693651	0.000000	19	12	170	151	2
1009	-0.351586	0.637441	-1.509335	0.942074	28	23	170	151	0
1010	-0.144381	0.557402	-0.339377	0.632851	16	15	170	151	1
1011	0.196451	0.422128	-1.806779	0.985544	63	52	170	151	1
1012	2.165568	0.015172	1.089666	0.137930	22	14	170	151	1
1013	-0.348290	0.636203	-1.254230	0.898007	93	81	170	151	3
1014	-1.229735	0.893210	-2.097270	1.000000	933	749	170	151	7
1015	-0.186964	0.574158	-1.074143	0.859947	10	4	170	151	0
1016	3.141387	0.000841	1.861665	0.031325	23	14	170	151	2
1017	-0.263527	0.603934	-0.506424	0.693774	14	12	170	151	0
1018	-0.274583	0.608189	-1.205085	0.888267	16	7	170	151	0
1019	1.685300	0.045965	1.964889	0.024713	23	21	170	151	1
1020	-0.296656	0.616645	-0.406019	0.657660	32	25	170	151	1
1021	-0.168093	0.566747	-0.689649	0.754971	70	61	170	151	1
1022	-0.199087	0.578906	-2.193213	1.000000	11	9	170	151	0
1023	-0.428646	0.665939	-1.256606	0.898466	118	101	170	151	3
1024	-0.233426	0.592289	-0.734210	0.768822	17	15	170	151	0
1025	-0.494705	0.689645	-1.210514	0.889366	69	57	170	151	0
1026	-0.321663	0.626158	-2.019704	1.000000	17	16	170	151	0
1027	-0.376817	0.646864	-0.384085	0.649563	43	41	170	151	0
1028	-1.031463	0.849927	-2.173661	1.000000	539	442	170	151	3
1029	-0.263336	0.603861	-1.683880	0.967948	30	23	170	151	0
1030	-0.630897	0.736070	-1.551874	0.948592	270	227	170	151	2
1031	-0.462421	0.678148	0.111302	0.455688	73	45	170	151	0
1032	-0.390978	0.652115	-2.226486	1.000000	21	19	170	151	0
1033	-0.242960	0.595987	-0.983233	0.838120	12	10	170	151	0
1034	-0.772556	0.780396	-2.386747	1.000000	251	210	170	151	2
1035	-0.859923	0.805550	-1.969219	1.000000	176	100	170	151	0
1036	-0.052331	0.520868	-1.111380	0.868366	29	19	170	151	1
1037	-0.730424	0.767662	-2.298904	1.000000	212	174	170	151	2
1038	-0.329502	0.629124	0.453038	0.325261	12	10	170	151	0
1039	-0.296002	0.616395	-1.050640	0.854479	17	14	170	151	0
1040	-0.213197	0.584417	-0.447308	0.672708	98	91	170	151	3
1041	-0.263590	0.603959	-1.596937	0.955321	46	36	170	151	0
1042	0.232454	0.408093	0.274536	0.391836	31	29	170	151	2
1043	-0.440381	0.670201	-0.058009	0.523130	83	44	170	151	0
1044	-0.432799	0.667450	-0.214529	0.584936	48	28	170	151	0
1045	-0.528288	0.701412	1.990077	0.023291	75	52	170	151	0
1046	0.543953	0.293237	0.047722	0.480969	208	174	170	151	5
1047	-0.261822	0.603277	4.118656	0.000019	10	10	170	151	0
1048	-0.186487	0.573971	-0.228581	0.590407	10	6	170	151	0
1049	2.503715	0.006145	1.878382	0.030164	28	18	170	151	1
1050	-0.169636	0.567354	0.225740	0.410702	16	10	170	151	1
1051	-0.406499	0.657836	4.343197	0.000007	27	24	170	151	0
1052	2.316517	0.010265	6.045883	0.000000	45	30	170	151	2
1053	-0.139115	0.555322	4.680412	0.000001	12	7	170	151	1
1054	-0.704019	0.759484	0.232095	0.408232	109	89	170	151	0
1055	-0.550202	0.708982	-2.319415	1.000000	56	48	170	151	0
1056	-0.192701	0.576406	-0.614627	0.730711	11	9	170	151	0
1057	-0.435516	0.668437	6.768418	0.000000	30	25	170	151	0
1058	-0.201630	0.579900	-0.229462	0.590750	12	9	170	151	0
1059	2.006535	0.022400	2.247126	0.012316	22	16	170	151	2
1060	-0.330352	0.629446	-0.532417	0.702845	24	19	170	151	0
1061	-0.305133	0.619877	-1.313252	0.909113	12	5	170	151	0
1062	-0.317236	0.624479	0.426038	0.335040	27	25	170	151	0
1063	2.713289	0.003331	2.366032	0.008990	12	8	170	151	1
1064	-0.220189	0.587142	-0.944102	0.828156	14	11	170	151	0
1065	2.713289	0.003331	2.401626	0.008161	12	8	170	151	1
1066	-0.559825	0.712278	-2.475910	1.000000	52	46	170	151	0
1067	-0.423646	0.664116	0.740461	0.229510	112	87	170	151	5
1068	-0.193714	0.576803	-0.506478	0.693793	12	7	170	151	0
1069	0.911749	0.180950	2.667886	0.003817	14	12	170	151	1
1070	-0.259064	0.602213	0.158278	0.437119	18	17	170	151	0
1071	0.067124	0.473241	-0.787943	0.784950	17	16	170	151	1
1072	-0.314798	0.623553	-1.957460	1.000000	25	22	170	151	0
1073	-0.256552	0.601244	4.802568	0.000001	24	20	170	151	0
1074	-0.252954	0.599854	-1.047606	0.853764	30	23	170	151	0
1075	-0.388106	0.651052	-0.794573	0.786896	71	58	170	151	2
1076	-0.302191	0.618757	-1.489691	0.939001	54	44	170	151	0
1077	-0.259562	0.602405	-1.961472	1.000000	17	14	170	151	1
